# JRE version: OpenJDK Runtime Environment (8.0_242-b01) (build 1.8.0_242-release-1644-b01)
# Java VM: OpenJDK 64-Bit Server VM (25.242-b01 mixed mode windows-amd64 compressed oops)
Heap:
 PSYoungGen      total 67072K, used 48004K [0x00000000e0000000, 0x00000000e4a80000, 0x0000000100000000)
  eden space 57856K, 70% used [0x00000000e0000000,0x00000000e279c698,0x00000000e3880000)
  from space 9216K, 80% used [0x00000000e3880000,0x00000000e3fc4b88,0x00000000e4180000)
  to   space 9216K, 0% used [0x00000000e4180000,0x00000000e4180000,0x00000000e4a80000)
 ParOldGen       total 94720K, used 8945K [0x00000000a0000000, 0x00000000a5c80000, 0x00000000e0000000)
  object space 94720K, 9% used [0x00000000a0000000,0x00000000a08bc540,0x00000000a5c80000)
 Metaspace       used 29539K, capacity 30030K, committed 30256K, reserved 1075200K
  class space    used 3990K, capacity 4143K, committed 4144K, reserved 1048576K
GC Heap History (10 events):
Event: 3.014 GC heap before
{Heap before GC invocations=2 (full 0):
 PSYoungGen      total 67072K, used 63194K [0x00000000e0000000, 0x00000000e4a80000, 0x0000000100000000)
  eden space 57856K, 100% used [0x00000000e0000000,0x00000000e3880000,0x00000000e3880000)
  from space 9216K, 57% used [0x00000000e3880000,0x00000000e3db6908,0x00000000e4180000)
  to   space 9216K, 0% used [0x00000000e4180000,0x00000000e4180000,0x00000000e4a80000)
 ParOldGen       total 153088K, used 8K [0x00000000a0000000, 0x00000000a9580000, 0x00000000e0000000)
  object space 153088K, 0% used [0x00000000a0000000,0x00000000a0002000,0x00000000a9580000)
 Metaspace       used 13037K, capacity 13432K, committed 13696K, reserved 1060864K
  class space    used 1789K, capacity 1904K, committed 1920K, reserved 1048576K
Event: 3.022 GC heap after
Heap after GC invocations=2 (full 0):
 PSYoungGen      total 67072K, used 7968K [0x00000000e0000000, 0x00000000e4a80000, 0x0000000100000000)
  eden space 57856K, 0% used [0x00000000e0000000,0x00000000e0000000,0x00000000e3880000)
  from space 9216K, 86% used [0x00000000e4180000,0x00000000e4948080,0x00000000e4a80000)
  to   space 9216K, 0% used [0x00000000e3880000,0x00000000e3880000,0x00000000e4180000)
 ParOldGen       total 153088K, used 16K [0x00000000a0000000, 0x00000000a9580000, 0x00000000e0000000)
  object space 153088K, 0% used [0x00000000a0000000,0x00000000a0004000,0x00000000a9580000)
 Metaspace       used 13037K, capacity 13432K, committed 13696K, reserved 1060864K
  class space    used 1789K, capacity 1904K, committed 1920K, reserved 1048576K
}
Event: 3.779 GC heap before
{Heap before GC invocations=3 (full 0):
 PSYoungGen      total 67072K, used 65824K [0x00000000e0000000, 0x00000000e4a80000, 0x0000000100000000)
  eden space 57856K, 100% used [0x00000000e0000000,0x00000000e3880000,0x00000000e3880000)
  from space 9216K, 86% used [0x00000000e4180000,0x00000000e4948080,0x00000000e4a80000)
  to   space 9216K, 0% used [0x00000000e3880000,0x00000000e3880000,0x00000000e4180000)
 ParOldGen       total 153088K, used 16K [0x00000000a0000000, 0x00000000a9580000, 0x00000000e0000000)
  object space 153088K, 0% used [0x00000000a0000000,0x00000000a0004000,0x00000000a9580000)
 Metaspace       used 17828K, capacity 18152K, committed 18432K, reserved 1064960K
  class space    used 2569K, capacity 2694K, committed 2816K, reserved 1048576K
Event: 3.788 GC heap after
Heap after GC invocations=3 (full 0):
 PSYoungGen      total 67072K, used 9210K [0x00000000e0000000, 0x00000000e4a80000, 0x0000000100000000)
  eden space 57856K, 0% used [0x00000000e0000000,0x00000000e0000000,0x00000000e3880000)
  from space 9216K, 99% used [0x00000000e3880000,0x00000000e417eb80,0x00000000e4180000)
  to   space 9216K, 0% used [0x00000000e4180000,0x00000000e4180000,0x00000000e4a80000)
 ParOldGen       total 153088K, used 1203K [0x00000000a0000000, 0x00000000a9580000, 0x00000000e0000000)
  object space 153088K, 0% used [0x00000000a0000000,0x00000000a012ccb8,0x00000000a9580000)
 Metaspace       used 17828K, capacity 18152K, committed 18432K, reserved 1064960K
  class space    used 2569K, capacity 2694K, committed 2816K, reserved 1048576K
}
Event: 4.121 GC heap before
{Heap before GC invocations=4 (full 0):
 PSYoungGen      total 67072K, used 30757K [0x00000000e0000000, 0x00000000e4a80000, 0x0000000100000000)
  eden space 57856K, 37% used [0x00000000e0000000,0x00000000e150aaf8,0x00000000e3880000)
  from space 9216K, 99% used [0x00000000e3880000,0x00000000e417eb80,0x00000000e4180000)
  to   space 9216K, 0% used [0x00000000e4180000,0x00000000e4180000,0x00000000e4a80000)
 ParOldGen       total 153088K, used 1203K [0x00000000a0000000, 0x00000000a9580000, 0x00000000e0000000)
  object space 153088K, 0% used [0x00000000a0000000,0x00000000a012ccb8,0x00000000a9580000)
 Metaspace       used 20712K, capacity 21046K, committed 21296K, reserved 1067008K
  class space    used 2919K, capacity 3081K, committed 3120K, reserved 1048576K
Event: 4.129 GC heap after
Heap after GC invocations=4 (full 0):
 PSYoungGen      total 67072K, used 9153K [0x00000000e0000000, 0x00000000e4a80000, 0x0000000100000000)
  eden space 57856K, 0% used [0x00000000e0000000,0x00000000e0000000,0x00000000e3880000)
  from space 9216K, 99% used [0x00000000e4180000,0x00000000e4a70680,0x00000000e4a80000)
  to   space 9216K, 0% used [0x00000000e3880000,0x00000000e3880000,0x00000000e4180000)
 ParOldGen       total 153088K, used 1211K [0x00000000a0000000, 0x00000000a9580000, 0x00000000e0000000)
  object space 153088K, 0% used [0x00000000a0000000,0x00000000a012ecb8,0x00000000a9580000)
 Metaspace       used 20712K, capacity 21046K, committed 21296K, reserved 1067008K
  class space    used 2919K, capacity 3081K, committed 3120K, reserved 1048576K
}
Event: 4.129 GC heap before
{Heap before GC invocations=5 (full 1):
 PSYoungGen      total 67072K, used 9153K [0x00000000e0000000, 0x00000000e4a80000, 0x0000000100000000)
  eden space 57856K, 0% used [0x00000000e0000000,0x00000000e0000000,0x00000000e3880000)
  from space 9216K, 99% used [0x00000000e4180000,0x00000000e4a70680,0x00000000e4a80000)
  to   space 9216K, 0% used [0x00000000e3880000,0x00000000e3880000,0x00000000e4180000)
 ParOldGen       total 153088K, used 1211K [0x00000000a0000000, 0x00000000a9580000, 0x00000000e0000000)
  object space 153088K, 0% used [0x00000000a0000000,0x00000000a012ecb8,0x00000000a9580000)
 Metaspace       used 20712K, capacity 21046K, committed 21296K, reserved 1067008K
  class space    used 2919K, capacity 3081K, committed 3120K, reserved 1048576K
Event: 4.167 GC heap after
Heap after GC invocations=5 (full 1):
 PSYoungGen      total 67072K, used 0K [0x00000000e0000000, 0x00000000e4a80000, 0x0000000100000000)
  eden space 57856K, 0% used [0x00000000e0000000,0x00000000e0000000,0x00000000e3880000)
  from space 9216K, 0% used [0x00000000e4180000,0x00000000e4180000,0x00000000e4a80000)
  to   space 9216K, 0% used [0x00000000e3880000,0x00000000e3880000,0x00000000e4180000)
 ParOldGen       total 94720K, used 8937K [0x00000000a0000000, 0x00000000a5c80000, 0x00000000e0000000)
  object space 94720K, 9% used [0x00000000a0000000,0x00000000a08ba540,0x00000000a5c80000)
 Metaspace       used 20712K, capacity 21046K, committed 21296K, reserved 1067008K
  class space    used 2919K, capacity 3081K, committed 3120K, reserved 1048576K
}
Event: 5.165 GC heap before
{Heap before GC invocations=6 (full 1):
 PSYoungGen      total 67072K, used 57856K [0x00000000e0000000, 0x00000000e4a80000, 0x0000000100000000)
  eden space 57856K, 100% used [0x00000000e0000000,0x00000000e3880000,0x00000000e3880000)
  from space 9216K, 0% used [0x00000000e4180000,0x00000000e4180000,0x00000000e4a80000)
  to   space 9216K, 0% used [0x00000000e3880000,0x00000000e3880000,0x00000000e4180000)
 ParOldGen       total 94720K, used 8937K [0x00000000a0000000, 0x00000000a5c80000, 0x00000000e0000000)
  object space 94720K, 9% used [0x00000000a0000000,0x00000000a08ba540,0x00000000a5c80000)
 Metaspace       used 27261K, capacity 27700K, committed 27952K, reserved 1073152K
  class space    used 3695K, capacity 3842K, committed 3888K, reserved 1048576K
Event: 5.171 GC heap after
Heap after GC invocations=6 (full 1):
 PSYoungGen      total 67072K, used 7442K [0x00000000e0000000, 0x00000000e4a80000, 0x0000000100000000)
  eden space 57856K, 0% used [0x00000000e0000000,0x00000000e0000000,0x00000000e3880000)
  from space 9216K, 80% used [0x00000000e3880000,0x00000000e3fc4b88,0x00000000e4180000)
  to   space 9216K, 0% used [0x00000000e4180000,0x00000000e4180000,0x00000000e4a80000)
 ParOldGen       total 94720K, used 8945K [0x00000000a0000000, 0x00000000a5c80000, 0x00000000e0000000)
  object space 94720K, 9% used [0x00000000a0000000,0x00000000a08bc540,0x00000000a5c80000)
 Metaspace       used 27261K, capacity 27700K, committed 27952K, reserved 1073152K
  class space    used 3695K, capacity 3842K, committed 3888K, reserved 1048576K
}

